<?xml version="1.0" encoding="UTF-8"?>
<!-- Generated by org.testng.reporters.JUnitXMLReporter -->
<testsuite ignored="0" hostname="DESKTOP-IDB4V0D" failures="0" tests="9" name="Cart-Checkout Related Testcases" time="339.566" errors="0" timestamp="2025-04-25T10:45:21 IST">
  <testcase classname="cartCheckout.MultipleDefaultDiamondsToCart" name="defaultDiamondCombinations" time="16.969">
    <skipped/>
  </testcase> <!-- defaultDiamondCombinations -->
  <testcase classname="cartCheckout.MultipleDefaultDiamondsToCart" name="defaultDiamondCombinations" time="34.279"/>
  <testcase classname="cartCheckout.MultipleProductsToCheckout" name="addingMultipleProductsToCheckout" time="37.805"/>
  <testcase classname="cartCheckout.RemovingJewelryProducts" name="removingJewelryProductsFromCart" time="35.648"/>
  <testcase classname="cartCheckout.RemovingWeddingProducts" name="removingWeddingProductsFromCart" time="36.411"/>
  <testcase classname="cartCheckout.RemovingJewelryWeddingProducts" name="RemovingTheProductsFromTheCart" time="44.259"/>
  <testcase classname="cartCheckout.SettingsJewelryWeddingItems" name="cancelProductsFromCart" time="27.644"/>
  <testcase classname="cartCheckout.SWADJewelry" name="removingProductsfromCart" time="33.49"/>
  <testcase classname="cartCheckout.DiamondsCombinationToCart" name="defaultDiamondAndNormalDiamonds" time="32.644"/>
</testsuite> <!-- Cart-Checkout Related Testcases -->
