<?xml version="1.0" encoding="UTF-8"?>
<!-- Generated by org.testng.reporters.JUnitXMLReporter -->
<testsuite ignored="0" hostname="DESKTOP-IDB4V0D" failures="0" tests="11" name="Cart-Checkout Related Testcases" time="349.293" errors="0" timestamp="2025-05-20T10:23:03 IST">
  <testcase classname="cartCheckout.MultipleDefaultDiamondsToCart" name="defaultDiamondCombinations" time="22.55">
    <skipped/>
  </testcase> <!-- defaultDiamondCombinations -->
  <testcase classname="cartCheckout.MultipleDefaultDiamondsToCart" name="defaultDiamondCombinations" time="28.224"/>
  <testcase classname="cartCheckout.MultipleProductsToCheckout" name="addingMultipleProductsToCheckout" time="36.051"/>
  <testcase classname="cartCheckout.RemovingJewelryProducts" name="removingJewelryProductsFromCart" time="13.013">
    <skipped/>
  </testcase> <!-- removingJewelryProductsFromCart -->
  <testcase classname="cartCheckout.RemovingJewelryProducts" name="removingJewelryProductsFromCart" time="36.089"/>
  <testcase classname="cartCheckout.RemovingWeddingProducts" name="removingWeddingProductsFromCart" time="34.009"/>
  <testcase classname="cartCheckout.RemovingJewelryWeddingProducts" name="RemovingTheProductsFromTheCart" time="42.6"/>
  <testcase classname="cartCheckout.SettingsJewelryWeddingItems" name="cancelProductsFromCart" time="4.74">
    <skipped/>
  </testcase> <!-- cancelProductsFromCart -->
  <testcase classname="cartCheckout.SettingsJewelryWeddingItems" name="cancelProductsFromCart" time="25.809"/>
  <testcase classname="cartCheckout.SWADJewelry" name="removingProductsfromCart" time="33.203"/>
  <testcase classname="cartCheckout.DiamondsCombinationToCart" name="defaultDiamondAndNormalDiamonds" time="27.943"/>
</testsuite> <!-- Cart-Checkout Related Testcases -->
