<?xml version="1.0" encoding="UTF-8"?>
<!-- Generated by org.testng.reporters.JUnitXMLReporter -->
<testsuite ignored="0" hostname="DESKTOP-IDB4V0D" failures="0" tests="10" name="Cart-Checkout Related Testcases" time="345.056" errors="0" timestamp="2025-05-22T10:23:42 IST">
  <testcase classname="cartCheckout.MultipleDefaultDiamondsToCart" name="defaultDiamondCombinations" time="30.867"/>
  <testcase classname="cartCheckout.MultipleProductsToCheckout" name="addingMultipleProductsToCheckout" time="37.671"/>
  <testcase classname="cartCheckout.RemovingJewelryProducts" name="removingJewelryProductsFromCart" time="26.441">
    <skipped/>
  </testcase> <!-- removingJewelryProductsFromCart -->
  <testcase classname="cartCheckout.RemovingJewelryProducts" name="removingJewelryProductsFromCart" time="35.973"/>
  <testcase classname="cartCheckout.RemovingWeddingProducts" name="removingWeddingProductsFromCart" time="35.168"/>
  <testcase classname="cartCheckout.RemovingJewelryWeddingProducts" name="RemovingTheProductsFromTheCart" time="43.09"/>
  <testcase classname="cartCheckout.SettingsJewelryWeddingItems" name="cancelProductsFromCart" time="4.671">
    <skipped/>
  </testcase> <!-- cancelProductsFromCart -->
  <testcase classname="cartCheckout.SettingsJewelryWeddingItems" name="cancelProductsFromCart" time="29.987"/>
  <testcase classname="cartCheckout.SWADJewelry" name="removingProductsfromCart" time="34.332"/>
  <testcase classname="cartCheckout.DiamondsCombinationToCart" name="defaultDiamondAndNormalDiamonds" time="28.506"/>
</testsuite> <!-- Cart-Checkout Related Testcases -->
