<?xml version="1.0" encoding="UTF-8"?>
<!-- Generated by org.testng.reporters.JUnitXMLReporter -->
<testsuite ignored="0" hostname="DESKTOP-IDB4V0D" failures="0" tests="5" name="DiamondFlowTests" time="297.025" errors="0" timestamp="2025-05-22T16:15:57 IST">
  <testcase classname="library.com.EngagementDiamondFlow" name="startWithADiamond" time="27.574"/>
  <testcase classname="library.com.EngagementSettingFlow" name="startWithASetting" time="4.674">
    <skipped/>
  </testcase> <!-- startWithASetting -->
  <testcase classname="library.com.EngagementSettingFlow" name="startWithASetting" time="22.497"/>
  <testcase classname="library.com.InPersonLocationDropdown" name="bookingAppointments" time="136.14"/>
  <testcase classname="library.com.ClientServicesDropdowns" name="bookingAppointments" time="85.695"/>
</testsuite> <!-- DiamondFlowTests -->
