<?xml version="1.0" encoding="UTF-8"?>
<!-- Generated by org.testng.reporters.JUnitXMLReporter -->
<testsuite ignored="0" hostname="DESKTOP-IDB4V0D" failures="1" tests="3" name="DiamondFlowTests" time="64.628" errors="0" timestamp="2025-04-23T10:49:08 IST">
  <testcase classname="library.com.EngagementDiamondFlow" name="startWithADiamond" time="26.145"/>
  <testcase classname="library.com.EngagementSettingFlow" name="startWithASetting" time="15.299">
    <skipped/>
  </testcase> <!-- startWithASetting -->
  <testcase classname="library.com.EngagementSettingFlow" name="startWithASetting" time="4.411">
    <failure type="org.openqa.selenium.ElementClickInterceptedException" message="element click intercepted: Element &amp;lt;div class=&amp;quot;bg-white border-theme-blue relative group overflow-hidden text-theme-blue w-vw-1/2 h-vw-7/12 sm:h-vw-1/2 lg:w-vw-1/3 lg:h-vw-1/3  2xl:h-vw-1/4 2xl:w-vw-1/4 border-r border-b&amp;quot; id=&amp;quot;engagement-rings-7&amp;quot;&amp;gt;...&amp;lt;/div&amp;gt; is not clickable at point (1344, 486). Other element would receive the click: &amp;lt;iframe title=&amp;quot;Re:amaze Chat&amp;quot; allow=&amp;quot;microphone; camera&amp;quot; allowfullscreen=&amp;quot;&amp;quot; allowtransparency=&amp;quot;true&amp;quot; style=&amp;quot;width: 100% !important; height: 100% !important; border: 0px; position: relative;&amp;quot;&amp;gt;&amp;lt;/iframe&amp;gt;
  (Session info: chrome=135.0.7049.96)
Build info: version: &amp;apos;4.28.1&amp;apos;, revision: &amp;apos;73f5ad48a2&amp;apos;
System info: os.name: &amp;apos;Windows 11&amp;apos;, os.arch: &amp;apos;amd64&amp;apos;, os.version: &amp;apos;10.0&amp;apos;, java.version: &amp;apos;21.0.5&amp;apos;
Driver info: org.openqa.selenium.chrome.ChromeDriver
Command: [ec66c57dd7fc67318cc5d4878d3224aa, clickElement {id=f.A9F48075320B0984E8833B22F3662B4A.d.2ED5FE67EF34103505346617C22F41C0.e.81}]
Capabilities {acceptInsecureCerts: false, browserName: chrome, browserVersion: 135.0.7049.96, chrome: {chromedriverVersion: 135.0.7049.97 (b41307079c9b..., userDataDir: C:\Users\Naveen\AppData\Loc...}, fedcm:accounts: true, goog:chromeOptions: {debuggerAddress: localhost:59166}, networkConnectionEnabled: false, pageLoadStrategy: normal, platformName: windows, proxy: Proxy(), se:cdp: ws://localhost:59166/devtoo..., se:cdpVersion: 135.0.7049.96, setWindowRect: true, strictFileInteractability: false, timeouts: {implicit: 0, pageLoad: 300000, script: 30000}, unhandledPromptBehavior: dismiss and notify, webauthn:extension:credBlob: true, webauthn:extension:largeBlob: true, webauthn:extension:minPinLength: true, webauthn:extension:prf: true, webauthn:virtualAuthenticators: true}
Element: [[ChromeDriver: chrome on windows (ec66c57dd7fc67318cc5d4878d3224aa)] -&amp;gt; xpath: //div[contains(@class,&amp;apos;w-vw-1/2 h&amp;apos;) and contains(@id,&amp;apos;engagement-rings&amp;apos;)]]
Session ID: ec66c57dd7fc67318cc5d4878d3224aa">
      <![CDATA[org.openqa.selenium.ElementClickInterceptedException: element click intercepted: Element <div class="bg-white border-theme-blue relative group overflow-hidden text-theme-blue w-vw-1/2 h-vw-7/12 sm:h-vw-1/2 lg:w-vw-1/3 lg:h-vw-1/3  2xl:h-vw-1/4 2xl:w-vw-1/4 border-r border-b" id="engagement-rings-7">...</div> is not clickable at point (1344, 486). Other element would receive the click: <iframe title="Re:amaze Chat" allow="microphone; camera" allowfullscreen="" allowtransparency="true" style="width: 100% !important; height: 100% !important; border: 0px; position: relative;"></iframe>
  (Session info: chrome=135.0.7049.96)
Build info: version: '4.28.1', revision: '73f5ad48a2'
System info: os.name: 'Windows 11', os.arch: 'amd64', os.version: '10.0', java.version: '21.0.5'
Driver info: org.openqa.selenium.chrome.ChromeDriver
Command: [ec66c57dd7fc67318cc5d4878d3224aa, clickElement {id=f.A9F48075320B0984E8833B22F3662B4A.d.2ED5FE67EF34103505346617C22F41C0.e.81}]
Capabilities {acceptInsecureCerts: false, browserName: chrome, browserVersion: 135.0.7049.96, chrome: {chromedriverVersion: 135.0.7049.97 (b41307079c9b..., userDataDir: C:\Users\Naveen\AppData\Loc...}, fedcm:accounts: true, goog:chromeOptions: {debuggerAddress: localhost:59166}, networkConnectionEnabled: false, pageLoadStrategy: normal, platformName: windows, proxy: Proxy(), se:cdp: ws://localhost:59166/devtoo..., se:cdpVersion: 135.0.7049.96, setWindowRect: true, strictFileInteractability: false, timeouts: {implicit: 0, pageLoad: 300000, script: 30000}, unhandledPromptBehavior: dismiss and notify, webauthn:extension:credBlob: true, webauthn:extension:largeBlob: true, webauthn:extension:minPinLength: true, webauthn:extension:prf: true, webauthn:virtualAuthenticators: true}
Element: [[ChromeDriver: chrome on windows (ec66c57dd7fc67318cc5d4878d3224aa)] -> xpath: //div[contains(@class,'w-vw-1/2 h') and contains(@id,'engagement-rings')]]
Session ID: ec66c57dd7fc67318cc5d4878d3224aa
at org.openqa.selenium.remote.ErrorCodec.decode(ErrorCodec.java:167)
at org.openqa.selenium.remote.codec.w3c.W3CHttpResponseCodec.decode(W3CHttpResponseCodec.java:138)
at org.openqa.selenium.remote.codec.w3c.W3CHttpResponseCodec.decode(W3CHttpResponseCodec.java:50)
at org.openqa.selenium.remote.HttpCommandExecutor.execute(HttpCommandExecutor.java:215)
at org.openqa.selenium.remote.service.DriverCommandExecutor.invokeExecute(DriverCommandExecutor.java:216)
at org.openqa.selenium.remote.service.DriverCommandExecutor.execute(DriverCommandExecutor.java:174)
at org.openqa.selenium.remote.RemoteWebDriver.execute(RemoteWebDriver.java:545)
at org.openqa.selenium.remote.RemoteWebElement.execute(RemoteWebElement.java:223)
at org.openqa.selenium.remote.RemoteWebElement.click(RemoteWebElement.java:76)
at pageobjects.com.FDPageObjectData.clickRandomProduct(FDPageObjectData.java:452)
at library.com.EngagementSettingFlow.startWithASetting(EngagementSettingFlow.java:19)
at java.base/java.util.ArrayList.forEach(ArrayList.java:1596)
... Removed 28 stack frames]]>
    </failure>
  </testcase> <!-- startWithASetting -->
</testsuite> <!-- DiamondFlowTests -->
