<?xml version="1.0" encoding="UTF-8"?>
<!-- Generated by org.testng.reporters.JUnitXMLReporter -->
<testsuite ignored="0" hostname="DESKTOP-IDB4V0D" failures="0" tests="5" name="JewelryFlowTests" time="142.539" errors="0" timestamp="2025-05-27T10:29:24 IST">
  <testcase classname="jewelry.com.EarRings" name="jewelryEarRingFlow" time="24.38"/>
  <testcase classname="jewelry.com.NecklacesFlow" name="jewelryNecklaceFlow" time="29.731"/>
  <testcase classname="jewelry.com.NecklaceWithDefaultDiamond" name="NecklaceDefaultDiamondFlow" time="27.417"/>
  <testcase classname="jewelry.com.TennisBraceletsFlow" name="tennisBracelets" time="19.435">
    <skipped/>
  </testcase> <!-- tennisBracelets -->
  <testcase classname="jewelry.com.TennisBraceletsFlow" name="tennisBracelets" time="25.582"/>
</testsuite> <!-- JewelryFlowTests -->
