<?xml version="1.0" encoding="UTF-8"?>
<!-- Generated by org.testng.reporters.JUnitXMLReporter -->
<testsuite ignored="0" hostname="DESKTOP-IDB4V0D" failures="0" tests="6" name="JewelryFlowTests" time="157.902" errors="0" timestamp="2025-04-25T10:36:01 IST">
  <testcase classname="jewelry.com.GiftGuide" name="giftGuideFlow" time="29.17"/>
  <testcase classname="jewelry.com.EarRings" name="jewelryEarRingFlow" time="22.506"/>
  <testcase classname="jewelry.com.NecklacesFlow" name="jewelryEarRingFlow" time="16.335">
    <skipped/>
  </testcase> <!-- jewelryEarRingFlow -->
  <testcase classname="jewelry.com.NecklacesFlow" name="jewelryEarRingFlow" time="31.384"/>
  <testcase classname="jewelry.com.TennisBraceletsFlow" name="tennisBracelets" time="1.117">
    <skipped/>
  </testcase> <!-- tennisBracelets -->
  <testcase classname="jewelry.com.TennisBraceletsFlow" name="tennisBracelets" time="25.113"/>
</testsuite> <!-- JewelryFlowTests -->
