<?xml version="1.0" encoding="UTF-8"?>
<!-- Generated by org.testng.reporters.JUnitXMLReporter -->
<testsuite ignored="0" hostname="DESKTOP-IDB4V0D" failures="0" tests="7" name="Wedding Navbar Flow Testcases" time="220.462" errors="0" timestamp="2025-04-25T10:39:42 IST">
  <testcase classname="weddings.library.com.MenWeddingBands" name="menWeddingBands" time="15.396"/>
  <testcase classname="weddings.library.com.AnniversaryRings" name="anniversaryRingFlow" time="1.096">
    <skipped/>
  </testcase> <!-- anniversaryRingFlow -->
  <testcase classname="weddings.library.com.AnniversaryRings" name="anniversaryRingFlow" time="27.127"/>
  <testcase classname="weddings.library.com.StackingRings" name="stackingRingsFlow" time="23.043"/>
  <testcase classname="weddings.library.com.DiamondBands" name="diamondBandFlow" time="28.144"/>
  <testcase classname="weddings.library.com.EternityBand" name="eternityBandFlow" time="27.141"/>
  <testcase classname="weddings.library.com.GoldBands" name="goldBands" time="27.97"/>
</testsuite> <!-- Wedding Navbar Flow Testcases -->
