<?xml version="1.0" encoding="UTF-8"?>
<!-- Generated by org.testng.reporters.JUnitXMLReporter -->
<testsuite ignored="0" hostname="DESKTOP-IDB4V0D" failures="1" tests="8" name="Wedding Navbar Flow Testcases" time="171.785" errors="0" timestamp="2025-05-22T10:17:57 IST">
  <testcase classname="weddings.library.com.MenWeddingBands" name="menWeddingBands" time="4.653">
    <skipped/>
  </testcase> <!-- menWeddingBands -->
  <testcase classname="weddings.library.com.MenWeddingBands" name="menWeddingBands" time="4.689">
    <failure type="org.openqa.selenium.ElementClickInterceptedException" message="element click intercepted: Element &amp;lt;div class=&amp;quot;bg-white border-theme-blue relative group overflow-hidden text-theme-blue w-vw-1/2 h-vw-7/12 sm:h-vw-1/2 lg:w-vw-1/3 lg:h-vw-1/3  2xl:h-vw-1/4 2xl:w-vw-1/4 border-r border-b&amp;quot; id=&amp;quot;wedding-rings-7&amp;quot;&amp;gt;...&amp;lt;/div&amp;gt; is not clickable at point (1344, 485). Other element would receive the click: &amp;lt;iframe title=&amp;quot;Re:amaze Chat&amp;quot; allow=&amp;quot;microphone; camera&amp;quot; allowfullscreen=&amp;quot;&amp;quot; allowtransparency=&amp;quot;true&amp;quot; style=&amp;quot;width: 100% !important; height: 100% !important; border: 0px; position: relative;&amp;quot;&amp;gt;&amp;lt;/iframe&amp;gt;
  (Session info: chrome=136.0.7103.114)
Build info: version: &amp;apos;4.28.1&amp;apos;, revision: &amp;apos;73f5ad48a2&amp;apos;
System info: os.name: &amp;apos;Windows 11&amp;apos;, os.arch: &amp;apos;amd64&amp;apos;, os.version: &amp;apos;10.0&amp;apos;, java.version: &amp;apos;21.0.5&amp;apos;
Driver info: org.openqa.selenium.chrome.ChromeDriver
Command: [897cbe266946ab2d55ce1117eab2215f, clickElement {id=f.48486EA0F0B1F2D9A71B8D019AC0E77A.d.04A0B1F67EC0A6BAA88C2EE70904B077.e.85}]
Capabilities {acceptInsecureCerts: false, browserName: chrome, browserVersion: 136.0.7103.114, chrome: {chromedriverVersion: 136.0.7103.113 (76fa3c17824..., userDataDir: C:\Users\Naveen\AppData\Loc...}, fedcm:accounts: true, goog:chromeOptions: {debuggerAddress: localhost:49739}, networkConnectionEnabled: false, pageLoadStrategy: normal, platformName: windows, proxy: Proxy(), se:cdp: ws://localhost:49739/devtoo..., se:cdpVersion: 136.0.7103.114, setWindowRect: true, strictFileInteractability: false, timeouts: {implicit: 0, pageLoad: 300000, script: 30000}, unhandledPromptBehavior: dismiss and notify, webauthn:extension:credBlob: true, webauthn:extension:largeBlob: true, webauthn:extension:minPinLength: true, webauthn:extension:prf: true, webauthn:virtualAuthenticators: true}
Element: [[ChromeDriver: chrome on windows (897cbe266946ab2d55ce1117eab2215f)] -&amp;gt; xpath: //div[contains(@class,&amp;apos;w-vw-1/2 h&amp;apos;) and contains(@id,&amp;apos;wedding-rings&amp;apos;)]]
Session ID: 897cbe266946ab2d55ce1117eab2215f">
      <![CDATA[org.openqa.selenium.ElementClickInterceptedException: element click intercepted: Element <div class="bg-white border-theme-blue relative group overflow-hidden text-theme-blue w-vw-1/2 h-vw-7/12 sm:h-vw-1/2 lg:w-vw-1/3 lg:h-vw-1/3  2xl:h-vw-1/4 2xl:w-vw-1/4 border-r border-b" id="wedding-rings-7">...</div> is not clickable at point (1344, 485). Other element would receive the click: <iframe title="Re:amaze Chat" allow="microphone; camera" allowfullscreen="" allowtransparency="true" style="width: 100% !important; height: 100% !important; border: 0px; position: relative;"></iframe>
  (Session info: chrome=136.0.7103.114)
Build info: version: '4.28.1', revision: '73f5ad48a2'
System info: os.name: 'Windows 11', os.arch: 'amd64', os.version: '10.0', java.version: '21.0.5'
Driver info: org.openqa.selenium.chrome.ChromeDriver
Command: [897cbe266946ab2d55ce1117eab2215f, clickElement {id=f.48486EA0F0B1F2D9A71B8D019AC0E77A.d.04A0B1F67EC0A6BAA88C2EE70904B077.e.85}]
Capabilities {acceptInsecureCerts: false, browserName: chrome, browserVersion: 136.0.7103.114, chrome: {chromedriverVersion: 136.0.7103.113 (76fa3c17824..., userDataDir: C:\Users\Naveen\AppData\Loc...}, fedcm:accounts: true, goog:chromeOptions: {debuggerAddress: localhost:49739}, networkConnectionEnabled: false, pageLoadStrategy: normal, platformName: windows, proxy: Proxy(), se:cdp: ws://localhost:49739/devtoo..., se:cdpVersion: 136.0.7103.114, setWindowRect: true, strictFileInteractability: false, timeouts: {implicit: 0, pageLoad: 300000, script: 30000}, unhandledPromptBehavior: dismiss and notify, webauthn:extension:credBlob: true, webauthn:extension:largeBlob: true, webauthn:extension:minPinLength: true, webauthn:extension:prf: true, webauthn:virtualAuthenticators: true}
Element: [[ChromeDriver: chrome on windows (897cbe266946ab2d55ce1117eab2215f)] -> xpath: //div[contains(@class,'w-vw-1/2 h') and contains(@id,'wedding-rings')]]
Session ID: 897cbe266946ab2d55ce1117eab2215f
at org.openqa.selenium.remote.ErrorCodec.decode(ErrorCodec.java:167)
at org.openqa.selenium.remote.codec.w3c.W3CHttpResponseCodec.decode(W3CHttpResponseCodec.java:138)
at org.openqa.selenium.remote.codec.w3c.W3CHttpResponseCodec.decode(W3CHttpResponseCodec.java:50)
at org.openqa.selenium.remote.HttpCommandExecutor.execute(HttpCommandExecutor.java:215)
at org.openqa.selenium.remote.service.DriverCommandExecutor.invokeExecute(DriverCommandExecutor.java:216)
at org.openqa.selenium.remote.service.DriverCommandExecutor.execute(DriverCommandExecutor.java:174)
at org.openqa.selenium.remote.RemoteWebDriver.execute(RemoteWebDriver.java:545)
at org.openqa.selenium.remote.RemoteWebElement.execute(RemoteWebElement.java:223)
at org.openqa.selenium.remote.RemoteWebElement.click(RemoteWebElement.java:76)
at pageobjects.com.FDPageObjectData.clickRandomProduct(FDPageObjectData.java:456)
at weddings.library.com.MenWeddingBands.menWeddingBands(MenWeddingBands.java:20)
at java.base/java.util.ArrayList.forEach(ArrayList.java:1596)
... Removed 28 stack frames]]>
    </failure>
  </testcase> <!-- menWeddingBands -->
  <testcase classname="weddings.library.com.AnniversaryRings" name="anniversaryRingFlow" time="13.296">
    <skipped/>
  </testcase> <!-- anniversaryRingFlow -->
  <testcase classname="weddings.library.com.AnniversaryRings" name="anniversaryRingFlow" time="23.457"/>
  <testcase classname="weddings.library.com.StackingRings" name="stackingRingsFlow" time="24.15"/>
  <testcase classname="weddings.library.com.DiamondBands" name="diamondBandFlow" time="24.731"/>
  <testcase classname="weddings.library.com.EternityBand" name="eternityBandFlow" time="24.264"/>
  <testcase classname="weddings.library.com.GoldBands" name="goldBands" time="24.857"/>
</testsuite> <!-- Wedding Navbar Flow Testcases -->
