<?xml version="1.0" encoding="UTF-8"?>
<!-- Generated by org.testng.reporters.JUnitXMLReporter -->
<testsuite ignored="0" hostname="DESKTOP-IDB4V0D" failures="0" tests="7" name="Wedding Navbar Flow Testcases" time="171.256" errors="0" timestamp="2025-05-22T16:21:53 IST">
  <testcase classname="weddings.library.com.MenWeddingBands" name="menWeddingBands" time="4.827">
    <skipped/>
  </testcase> <!-- menWeddingBands -->
  <testcase classname="weddings.library.com.MenWeddingBands" name="menWeddingBands" time="14.395"/>
  <testcase classname="weddings.library.com.AnniversaryRings" name="anniversaryRingFlow" time="23.99"/>
  <testcase classname="weddings.library.com.StackingRings" name="stackingRingsFlow" time="24.263"/>
  <testcase classname="weddings.library.com.DiamondBands" name="diamondBandFlow" time="24.524"/>
  <testcase classname="weddings.library.com.EternityBand" name="eternityBandFlow" time="24.9"/>
  <testcase classname="weddings.library.com.GoldBands" name="goldBands" time="25.114"/>
</testsuite> <!-- Wedding Navbar Flow Testcases -->
