<?xml version="1.0" encoding="UTF-8"?>
<!-- Generated by org.testng.reporters.JUnitXMLReporter -->
<testsuite ignored="0" hostname="DESKTOP-IDB4V0D" failures="0" tests="7" name="Wedding Navbar Flow Testcases" time="169.877" errors="0" timestamp="2025-04-23T10:54:07 IST">
  <testcase classname="weddings.library.com.MenWeddingBands" name="menWeddingBands" time="4.631">
    <skipped/>
  </testcase> <!-- menWeddingBands -->
  <testcase classname="weddings.library.com.MenWeddingBands" name="menWeddingBands" time="16.906"/>
  <testcase classname="weddings.library.com.AnniversaryRings" name="anniversaryRingFlow" time="24.215"/>
  <testcase classname="weddings.library.com.StackingRings" name="stackingRingsFlow" time="24.341"/>
  <testcase classname="weddings.library.com.DiamondBands" name="diamondBandFlow" time="25.755"/>
  <testcase classname="weddings.library.com.EternityBand" name="eternityBandFlow" time="25.627"/>
  <testcase classname="weddings.library.com.GoldBands" name="goldBands" time="25.497"/>
</testsuite> <!-- Wedding Navbar Flow Testcases -->
