<?xml version="1.0" encoding="UTF-8"?>
<!-- Generated by org.testng.reporters.JUnitXMLReporter -->
<testsuite ignored="0" hostname="DESKTOP-IDB4V0D" failures="0" tests="6" name="Wedding Navbar Flow Testcases" time="157.237" errors="0" timestamp="2025-05-27T10:32:01 IST">
  <testcase classname="weddings.library.com.MenWeddingBands" name="menWeddingBands" time="14.39"/>
  <testcase classname="weddings.library.com.AnniversaryRings" name="anniversaryRingFlow" time="23.832"/>
  <testcase classname="weddings.library.com.StackingRings" name="stackingRingsFlow" time="24.547"/>
  <testcase classname="weddings.library.com.DiamondBands" name="diamondBandFlow" time="24.206"/>
  <testcase classname="weddings.library.com.EternityBand" name="eternityBandFlow" time="24.152"/>
  <testcase classname="weddings.library.com.GoldBands" name="goldBands" time="23.708"/>
</testsuite> <!-- Wedding Navbar Flow Testcases -->
