<?xml version="1.0" encoding="UTF-8"?>
<!-- Generated by org.testng.reporters.JUnitXMLReporter -->
<testsuite ignored="0" hostname="DESKTOP-IDB4V0D" failures="0" tests="8" name="Wedding Navbar Flow Testcases" time="247.736" errors="0" timestamp="2025-05-20T10:17:14 IST">
  <testcase classname="weddings.library.com.MenWeddingBands" name="menWeddingBands" time="17.724">
    <skipped/>
  </testcase> <!-- menWeddingBands -->
  <testcase classname="weddings.library.com.MenWeddingBands" name="menWeddingBands" time="28.603"/>
  <testcase classname="weddings.library.com.AnniversaryRings" name="anniversaryRingFlow" time="14.592">
    <skipped/>
  </testcase> <!-- anniversaryRingFlow -->
  <testcase classname="weddings.library.com.AnniversaryRings" name="anniversaryRingFlow" time="26.964"/>
  <testcase classname="weddings.library.com.StackingRings" name="stackingRingsFlow" time="30.296"/>
  <testcase classname="weddings.library.com.DiamondBands" name="diamondBandFlow" time="24.563"/>
  <testcase classname="weddings.library.com.EternityBand" name="eternityBandFlow" time="23.329"/>
  <testcase classname="weddings.library.com.GoldBands" name="goldBands" time="23.785"/>
</testsuite> <!-- Wedding Navbar Flow Testcases -->
