<?xml version="1.0" encoding="UTF-8"?>
<!-- Generated by org.testng.reporters.JUnitXMLReporter -->
<testsuite ignored="0" hostname="DESKTOP-IDB4V0D" failures="1" tests="1" name="EngagementDiamondFlowTest" time="26.379" errors="0" timestamp="2025-04-15T17:43:01 IST">
  <testcase classname="library.com.EngagementDiamondFlow" name="startWithADiamond" time="20.919">
    <failure type="java.lang.AssertionError" message="expected [Checkout - FD] but found [(1) - Hi! Let us know what questions you have! ✨]">
      <![CDATA[java.lang.AssertionError: expected [Checkout - FD] but found [(1) - Hi! Let us know what questions you have! ✨]
at pageobjects.com.FDPageObjectData.checkoutValidation(FDPageObjectData.java:241)
at library.com.EngagementDiamondFlow.startWithADiamond(EngagementDiamondFlow.java:31)
at java.base/java.util.ArrayList.forEach(ArrayList.java:1596)
... Removed 31 stack frames]]>
    </failure>
  </testcase> <!-- startWithADiamond -->
</testsuite> <!-- EngagementDiamondFlowTest -->
