<?xml version="1.0" encoding="UTF-8"?>
<!-- Generated by org.testng.reporters.JUnitXMLReporter -->
<testsuite ignored="0" hostname="DESKTOP-IDB4V0D" failures="1" tests="1" name="Default test" time="15.872" errors="0" timestamp="2025-03-10T19:38:53 IST">
  <testcase classname="weddings.library.com.DiamondBands" name="diamondBandFlow" time="11.159">
    <failure type="org.openqa.selenium.ElementClickInterceptedException" message="element click intercepted: Element &amp;lt;button class=&amp;quot;w-full h-16 my-5 border font-sans text-sm xl:text-lg 3xl:text-2xl 4xl:text-3xl 4xl:leading-none transition-colors duration-300 uppercase tracking-widest focus:outline-none border-theme-blue hover:bg-theme-blue bg-white text-theme-blue hover:text-white disabled:bg-white disabled:text-gray-400 disabled:border-gray-400 disabled:cursor-not-allowed&amp;quot; aria-label=&amp;quot;Proceed to checkout&amp;quot; aria-disabled=&amp;quot;false&amp;quot; aria-busy=&amp;quot;false&amp;quot; id=&amp;quot;checkout-button&amp;quot; value=&amp;quot;Continue&amp;quot;&amp;gt;...&amp;lt;/button&amp;gt; is not clickable at point (1392, 481). Other element would receive the click: &amp;lt;iframe title=&amp;quot;Re:amaze Chat&amp;quot; allow=&amp;quot;microphone; camera&amp;quot; allowfullscreen=&amp;quot;&amp;quot; allowtransparency=&amp;quot;true&amp;quot; style=&amp;quot;width: 100% !important; height: 100% !important; border: 0px; position: relative;&amp;quot;&amp;gt;&amp;lt;/iframe&amp;gt;
  (Session info: chrome=133.0.6943.142)
Build info: version: &amp;apos;4.28.1&amp;apos;, revision: &amp;apos;73f5ad48a2&amp;apos;
System info: os.name: &amp;apos;Windows 11&amp;apos;, os.arch: &amp;apos;amd64&amp;apos;, os.version: &amp;apos;10.0&amp;apos;, java.version: &amp;apos;21.0.5&amp;apos;
Driver info: org.openqa.selenium.chrome.ChromeDriver
Command: [37cdac514969c8bb4afa40f749c41605, clickElement {id=f.459D58400A0C653770A4BDA4B71C2FF9.d.7F53EB509F35EBD270CC8EB3D7619048.e.169}]
Capabilities {acceptInsecureCerts: false, browserName: chrome, browserVersion: 133.0.6943.142, chrome: {chromedriverVersion: 133.0.6943.141 (2a5d6da0d61..., userDataDir: C:\Users\Naveen\AppData\Loc...}, fedcm:accounts: true, goog:chromeOptions: {debuggerAddress: localhost:56283}, networkConnectionEnabled: false, pageLoadStrategy: normal, platformName: windows, proxy: Proxy(), se:cdp: ws://localhost:56283/devtoo..., se:cdpVersion: 133.0.6943.142, setWindowRect: true, strictFileInteractability: false, timeouts: {implicit: 0, pageLoad: 300000, script: 30000}, unhandledPromptBehavior: dismiss and notify, webauthn:extension:credBlob: true, webauthn:extension:largeBlob: true, webauthn:extension:minPinLength: true, webauthn:extension:prf: true, webauthn:virtualAuthenticators: true}
Element: [[ChromeDriver: chrome on windows (37cdac514969c8bb4afa40f749c41605)] -&amp;gt; xpath: //button[text()=&amp;apos;Checkout&amp;apos;]]
Session ID: 37cdac514969c8bb4afa40f749c41605">
      <![CDATA[org.openqa.selenium.ElementClickInterceptedException: element click intercepted: Element <button class="w-full h-16 my-5 border font-sans text-sm xl:text-lg 3xl:text-2xl 4xl:text-3xl 4xl:leading-none transition-colors duration-300 uppercase tracking-widest focus:outline-none border-theme-blue hover:bg-theme-blue bg-white text-theme-blue hover:text-white disabled:bg-white disabled:text-gray-400 disabled:border-gray-400 disabled:cursor-not-allowed" aria-label="Proceed to checkout" aria-disabled="false" aria-busy="false" id="checkout-button" value="Continue">...</button> is not clickable at point (1392, 481). Other element would receive the click: <iframe title="Re:amaze Chat" allow="microphone; camera" allowfullscreen="" allowtransparency="true" style="width: 100% !important; height: 100% !important; border: 0px; position: relative;"></iframe>
  (Session info: chrome=133.0.6943.142)
Build info: version: '4.28.1', revision: '73f5ad48a2'
System info: os.name: 'Windows 11', os.arch: 'amd64', os.version: '10.0', java.version: '21.0.5'
Driver info: org.openqa.selenium.chrome.ChromeDriver
Command: [37cdac514969c8bb4afa40f749c41605, clickElement {id=f.459D58400A0C653770A4BDA4B71C2FF9.d.7F53EB509F35EBD270CC8EB3D7619048.e.169}]
Capabilities {acceptInsecureCerts: false, browserName: chrome, browserVersion: 133.0.6943.142, chrome: {chromedriverVersion: 133.0.6943.141 (2a5d6da0d61..., userDataDir: C:\Users\Naveen\AppData\Loc...}, fedcm:accounts: true, goog:chromeOptions: {debuggerAddress: localhost:56283}, networkConnectionEnabled: false, pageLoadStrategy: normal, platformName: windows, proxy: Proxy(), se:cdp: ws://localhost:56283/devtoo..., se:cdpVersion: 133.0.6943.142, setWindowRect: true, strictFileInteractability: false, timeouts: {implicit: 0, pageLoad: 300000, script: 30000}, unhandledPromptBehavior: dismiss and notify, webauthn:extension:credBlob: true, webauthn:extension:largeBlob: true, webauthn:extension:minPinLength: true, webauthn:extension:prf: true, webauthn:virtualAuthenticators: true}
Element: [[ChromeDriver: chrome on windows (37cdac514969c8bb4afa40f749c41605)] -> xpath: //button[text()='Checkout']]
Session ID: 37cdac514969c8bb4afa40f749c41605
at java.base/jdk.internal.reflect.DirectConstructorHandleAccessor.newInstance(DirectConstructorHandleAccessor.java:62)
at java.base/java.lang.reflect.Constructor.newInstanceWithCaller(Constructor.java:502)
at java.base/java.lang.reflect.Constructor.newInstance(Constructor.java:486)
at org.openqa.selenium.remote.ErrorCodec.decode(ErrorCodec.java:167)
at org.openqa.selenium.remote.codec.w3c.W3CHttpResponseCodec.decode(W3CHttpResponseCodec.java:138)
at org.openqa.selenium.remote.codec.w3c.W3CHttpResponseCodec.decode(W3CHttpResponseCodec.java:50)
at org.openqa.selenium.remote.HttpCommandExecutor.execute(HttpCommandExecutor.java:215)
at org.openqa.selenium.remote.service.DriverCommandExecutor.invokeExecute(DriverCommandExecutor.java:216)
at org.openqa.selenium.remote.service.DriverCommandExecutor.execute(DriverCommandExecutor.java:174)
at org.openqa.selenium.remote.RemoteWebDriver.execute(RemoteWebDriver.java:545)
at org.openqa.selenium.remote.RemoteWebElement.execute(RemoteWebElement.java:223)
at org.openqa.selenium.remote.RemoteWebElement.click(RemoteWebElement.java:76)
at pageobjects.com.FDPageObjectData.proceedToCheckout(FDPageObjectData.java:131)
at weddings.library.com.DiamondBands.diamondBandFlow(DiamondBands.java:23)
at java.base/jdk.internal.reflect.DirectMethodHandleAccessor.invoke(DirectMethodHandleAccessor.java:103)
at java.base/java.lang.reflect.Method.invoke(Method.java:580)
at org.testng.internal.invokers.MethodInvocationHelper.invokeMethod(MethodInvocationHelper.java:139)
at org.testng.internal.invokers.TestInvoker.invokeMethod(TestInvoker.java:677)
at org.testng.internal.invokers.TestInvoker.invokeTestMethod(TestInvoker.java:221)
at org.testng.internal.invokers.MethodRunner.runInSequence(MethodRunner.java:50)
at org.testng.internal.invokers.TestInvoker$MethodInvocationAgent.invoke(TestInvoker.java:969)
at org.testng.internal.invokers.TestInvoker.invokeTestMethods(TestInvoker.java:194)
at org.testng.internal.invokers.TestMethodWorker.invokeTestMethods(TestMethodWorker.java:148)
at org.testng.internal.invokers.TestMethodWorker.run(TestMethodWorker.java:128)
at java.base/java.util.ArrayList.forEach(ArrayList.java:1596)
at org.testng.TestRunner.privateRun(TestRunner.java:829)
at org.testng.TestRunner.run(TestRunner.java:602)
at org.testng.SuiteRunner.runTest(SuiteRunner.java:437)
at org.testng.SuiteRunner.runSequentially(SuiteRunner.java:431)
at org.testng.SuiteRunner.privateRun(SuiteRunner.java:391)
at org.testng.SuiteRunner.run(SuiteRunner.java:330)
at org.testng.SuiteRunnerWorker.runSuite(SuiteRunnerWorker.java:52)
at org.testng.SuiteRunnerWorker.run(SuiteRunnerWorker.java:95)
at org.testng.TestNG.runSuitesSequentially(TestNG.java:1256)
at org.testng.TestNG.runSuitesLocally(TestNG.java:1176)
at org.testng.TestNG.runSuites(TestNG.java:1099)
at org.testng.TestNG.run(TestNG.java:1067)
at org.testng.remote.AbstractRemoteTestNG.run(AbstractRemoteTestNG.java:115)
at org.testng.remote.RemoteTestNG.initAndRun(RemoteTestNG.java:293)
at org.testng.remote.RemoteTestNG.main(RemoteTestNG.java:91)
]]>
    </failure>
  </testcase> <!-- diamondBandFlow -->
</testsuite> <!-- Default test -->
