<?xml version="1.0" encoding="UTF-8"?>
<!-- Generated by org.testng.reporters.JUnitXMLReporter -->
<testsuite ignored="0" hostname="DESKTOP-IDB4V0D" failures="1" tests="4" name="JewelryFlowTests" time="103.213" errors="0" timestamp="2025-04-08T16:48:15 IST">
  <testcase classname="jewelry.com.GiftGuide" name="giftGuideFlow" time="26.748"/>
  <testcase classname="jewelry.com.EarRings" name="jewelryEarRingFlow" time="20.276"/>
  <testcase classname="jewelry.com.NecklacesFlow" name="jewelryEarRingFlow" time="25.272"/>
  <testcase classname="jewelry.com.TennisBraceletsFlow" name="tennisBracelets" time="15.459">
    <failure type="java.lang.AssertionError" message="expected [Checkout - FD] but found [(1) - Hi! Let us know what questions you have! ✨]">
      <![CDATA[java.lang.AssertionError: expected [Checkout - FD] but found [(1) - Hi! Let us know what questions you have! ✨]
at pageobjects.com.FDPageObjectData.checkoutValidation(FDPageObjectData.java:218)
at jewelry.com.TennisBraceletsFlow.tennisBracelets(TennisBraceletsFlow.java:22)
at java.base/java.util.ArrayList.forEach(ArrayList.java:1596)
... Removed 31 stack frames]]>
    </failure>
  </testcase> <!-- tennisBracelets -->
</testsuite> <!-- JewelryFlowTests -->
