<?xml version="1.0" encoding="UTF-8"?>
<!-- Generated by org.testng.reporters.JUnitXMLReporter -->
<testsuite ignored="0" hostname="DESKTOP-IDB4V0D" failures="0" tests="2" name="WeddingGoldBandsFlowTest" time="42.13" errors="0" timestamp="2025-05-22T13:07:17 IST">
  <testcase classname="weddings.library.com.GoldBands" name="goldBands" time="1.081">
    <skipped/>
  </testcase> <!-- goldBands -->
  <testcase classname="weddings.library.com.GoldBands" name="goldBands" time="24.795"/>
</testsuite> <!-- WeddingGoldBandsFlowTest -->
