<?xml version="1.0" encoding="UTF-8"?>
<!-- Generated by org.testng.reporters.JUnitXMLReporter -->
<testsuite ignored="0" hostname="DESKTOP-IDB4V0D" failures="0" tests="2" name="WeddingEternityBandsFlowTest" time="32.264" errors="0" timestamp="2025-05-22T13:06:35 IST">
  <testcase classname="weddings.library.com.EternityBand" name="eternityBandFlow" time="2.179">
    <skipped/>
  </testcase> <!-- eternityBandFlow -->
  <testcase classname="weddings.library.com.EternityBand" name="eternityBandFlow" time="23.947"/>
</testsuite> <!-- WeddingEternityBandsFlowTest -->
