<?xml version="1.0" encoding="UTF-8"?>
<!-- Generated by org.testng.reporters.JUnitXMLReporter -->
<testsuite ignored="0" hostname="DESKTOP-IDB4V0D" failures="0" tests="2" name="EngagementDiamondFlowTest" time="71.364" errors="0" timestamp="2025-05-23T17:01:41 IST">
  <testcase classname="library.com.EngagementDiamondFlow" name="startWithADiamond" time="28.902"/>
  <testcase classname="library.com.EngagementSettingFlow" name="startWithASetting" time="26.187"/>
</testsuite> <!-- EngagementDiamondFlowTest -->
