<?xml version="1.0" encoding="UTF-8"?>
<!-- Generated by org.testng.reporters.JUnitReportReporter -->
<testsuite hostname="DESKTOP-IDB4V0D" failures="0" tests="1" name="weddings.library.com.StackingRings" time="5.390" errors="1" timestamp="2025-03-13T11:14:36 IST" skipped="0">
  <testcase classname="weddings.library.com.StackingRings" name="stackinRingsFlow" time="5.390">
    <error message="element click intercepted: Element &lt;button class=&quot;w-full h-16 my-5 border font-sans text-sm xl:text-lg 3xl:text-2xl 4xl:text-3xl 4xl:leading-none transition-colors duration-300 uppercase tracking-widest focus:outline-none border-theme-blue hover:bg-theme-blue bg-white text-theme-blue hover:text-white disabled:bg-white disabled:text-gray-400 disabled:border-gray-400 disabled:cursor-not-allowed&quot; aria-label=&quot;Proceed to checkout&quot; aria-disabled=&quot;false&quot; aria-busy=&quot;false&quot; id=&quot;checkout-button&quot; value=&quot;Continue&quot;&gt;...&lt;/button&gt; is not clickable at point (1335, 481). Other element would receive the click: &lt;iframe title=&quot;Re:amaze Chat&quot; allow=&quot;microphone; camera&quot; allowfullscreen=&quot;&quot; allowtransparency=&quot;true&quot; style=&quot;width: 100% !important; height: 100% !important; border: 0px; position: relative;&quot;&gt;&lt;/iframe&gt;
  (Session info: chrome=134.0.6998.36)
Build info: version: &#039;4.28.1&#039;, revision: &#039;73f5ad48a2&#039;
System info: os.name: &#039;Windows 11&#039;, os.arch: &#039;amd64&#039;, os.version: &#039;10.0&#039;, java.version: &#039;21.0.5&#039;
Driver info: org.openqa.selenium.chrome.ChromeDriver
Command: [dc1fff7da930a0b0c41a3e6aa3f8dd55, clickElement {id=f.44D3709968F2A57CECE96A5628C11788.d.27A5CE7791153F491F1AF3F23C54E069.e.174}]
Capabilities {acceptInsecureCerts: false, browserName: chrome, browserVersion: 134.0.6998.36, chrome: {chromedriverVersion: 134.0.6998.88 (7e3d5c978c6d..., userDataDir: C:\Users\Naveen\AppData\Loc...}, fedcm:accounts: true, goog:chromeOptions: {debuggerAddress: localhost:63504}, networkConnectionEnabled: false, pageLoadStrategy: normal, platformName: windows, proxy: Proxy(), se:cdp: ws://localhost:63504/devtoo..., se:cdpVersion: 134.0.6998.36, setWindowRect: true, strictFileInteractability: false, timeouts: {implicit: 0, pageLoad: 300000, script: 30000}, unhandledPromptBehavior: dismiss and notify, webauthn:extension:credBlob: true, webauthn:extension:largeBlob: true, webauthn:extension:minPinLength: true, webauthn:extension:prf: true, webauthn:virtualAuthenticators: true}
Element: [[ChromeDriver: chrome on windows (dc1fff7da930a0b0c41a3e6aa3f8dd55)] -&gt; xpath: //button[text()=&#039;Checkout&#039;]]
Session ID: dc1fff7da930a0b0c41a3e6aa3f8dd55" type="org.openqa.selenium.ElementClickInterceptedException">
      <![CDATA[org.openqa.selenium.ElementClickInterceptedException: element click intercepted: Element <button class="w-full h-16 my-5 border font-sans text-sm xl:text-lg 3xl:text-2xl 4xl:text-3xl 4xl:leading-none transition-colors duration-300 uppercase tracking-widest focus:outline-none border-theme-blue hover:bg-theme-blue bg-white text-theme-blue hover:text-white disabled:bg-white disabled:text-gray-400 disabled:border-gray-400 disabled:cursor-not-allowed" aria-label="Proceed to checkout" aria-disabled="false" aria-busy="false" id="checkout-button" value="Continue">...</button> is not clickable at point (1335, 481). Other element would receive the click: <iframe title="Re:amaze Chat" allow="microphone; camera" allowfullscreen="" allowtransparency="true" style="width: 100% !important; height: 100% !important; border: 0px; position: relative;"></iframe>
  (Session info: chrome=134.0.6998.36)
Build info: version: '4.28.1', revision: '73f5ad48a2'
System info: os.name: 'Windows 11', os.arch: 'amd64', os.version: '10.0', java.version: '21.0.5'
Driver info: org.openqa.selenium.chrome.ChromeDriver
Command: [dc1fff7da930a0b0c41a3e6aa3f8dd55, clickElement {id=f.44D3709968F2A57CECE96A5628C11788.d.27A5CE7791153F491F1AF3F23C54E069.e.174}]
Capabilities {acceptInsecureCerts: false, browserName: chrome, browserVersion: 134.0.6998.36, chrome: {chromedriverVersion: 134.0.6998.88 (7e3d5c978c6d..., userDataDir: C:\Users\Naveen\AppData\Loc...}, fedcm:accounts: true, goog:chromeOptions: {debuggerAddress: localhost:63504}, networkConnectionEnabled: false, pageLoadStrategy: normal, platformName: windows, proxy: Proxy(), se:cdp: ws://localhost:63504/devtoo..., se:cdpVersion: 134.0.6998.36, setWindowRect: true, strictFileInteractability: false, timeouts: {implicit: 0, pageLoad: 300000, script: 30000}, unhandledPromptBehavior: dismiss and notify, webauthn:extension:credBlob: true, webauthn:extension:largeBlob: true, webauthn:extension:minPinLength: true, webauthn:extension:prf: true, webauthn:virtualAuthenticators: true}
Element: [[ChromeDriver: chrome on windows (dc1fff7da930a0b0c41a3e6aa3f8dd55)] -> xpath: //button[text()='Checkout']]
Session ID: dc1fff7da930a0b0c41a3e6aa3f8dd55
at java.base/jdk.internal.reflect.DirectConstructorHandleAccessor.newInstance(DirectConstructorHandleAccessor.java:62)
at java.base/java.lang.reflect.Constructor.newInstanceWithCaller(Constructor.java:502)
at java.base/java.lang.reflect.Constructor.newInstance(Constructor.java:486)
at org.openqa.selenium.remote.ErrorCodec.decode(ErrorCodec.java:167)
at org.openqa.selenium.remote.codec.w3c.W3CHttpResponseCodec.decode(W3CHttpResponseCodec.java:138)
at org.openqa.selenium.remote.codec.w3c.W3CHttpResponseCodec.decode(W3CHttpResponseCodec.java:50)
at org.openqa.selenium.remote.HttpCommandExecutor.execute(HttpCommandExecutor.java:215)
at org.openqa.selenium.remote.service.DriverCommandExecutor.invokeExecute(DriverCommandExecutor.java:216)
at org.openqa.selenium.remote.service.DriverCommandExecutor.execute(DriverCommandExecutor.java:174)
at org.openqa.selenium.remote.RemoteWebDriver.execute(RemoteWebDriver.java:545)
at org.openqa.selenium.remote.RemoteWebElement.execute(RemoteWebElement.java:223)
at org.openqa.selenium.remote.RemoteWebElement.click(RemoteWebElement.java:76)
at pageobjects.com.FDPageObjectData.proceedToCheckout(FDPageObjectData.java:140)
at weddings.library.com.StackingRings.stackinRingsFlow(StackingRings.java:21)
at java.base/jdk.internal.reflect.DirectMethodHandleAccessor.invoke(DirectMethodHandleAccessor.java:103)
at java.base/java.lang.reflect.Method.invoke(Method.java:580)
at org.testng.internal.invokers.MethodInvocationHelper.invokeMethod(MethodInvocationHelper.java:139)
at org.testng.internal.invokers.TestInvoker.invokeMethod(TestInvoker.java:677)
at org.testng.internal.invokers.TestInvoker.invokeTestMethod(TestInvoker.java:221)
at org.testng.internal.invokers.MethodRunner.runInSequence(MethodRunner.java:50)
at org.testng.internal.invokers.TestInvoker$MethodInvocationAgent.invoke(TestInvoker.java:969)
at org.testng.internal.invokers.TestInvoker.invokeTestMethods(TestInvoker.java:194)
at org.testng.internal.invokers.TestMethodWorker.invokeTestMethods(TestMethodWorker.java:148)
at org.testng.internal.invokers.TestMethodWorker.run(TestMethodWorker.java:128)
at java.base/java.util.ArrayList.forEach(ArrayList.java:1596)
at org.testng.TestRunner.privateRun(TestRunner.java:829)
at org.testng.TestRunner.run(TestRunner.java:602)
at org.testng.SuiteRunner.runTest(SuiteRunner.java:437)
at org.testng.SuiteRunner.runSequentially(SuiteRunner.java:431)
at org.testng.SuiteRunner.privateRun(SuiteRunner.java:391)
at org.testng.SuiteRunner.run(SuiteRunner.java:330)
at org.testng.SuiteRunnerWorker.runSuite(SuiteRunnerWorker.java:52)
at org.testng.SuiteRunnerWorker.run(SuiteRunnerWorker.java:95)
at org.testng.TestNG.runSuitesSequentially(TestNG.java:1256)
at org.testng.TestNG.runSuitesLocally(TestNG.java:1176)
at org.testng.TestNG.runSuites(TestNG.java:1099)
at org.testng.TestNG.run(TestNG.java:1067)
at org.testng.remote.AbstractRemoteTestNG.run(AbstractRemoteTestNG.java:115)
at org.testng.remote.RemoteTestNG.initAndRun(RemoteTestNG.java:293)
at org.testng.remote.RemoteTestNG.main(RemoteTestNG.java:91)
]]>
    </error>
  </testcase> <!-- stackinRingsFlow -->
  <system-out/>
</testsuite> <!-- weddings.library.com.StackingRings -->
