<?xml version="1.0" encoding="UTF-8"?>
<!-- Generated by org.testng.reporters.JUnitXMLReporter -->
<testsuite ignored="0" hostname="DESKTOP-IDB4V0D" failures="1" tests="1" name="WeddingStackRingsFlowTest" time="13.194" errors="0" timestamp="2025-03-13T11:13:48 IST">
  <testcase classname="weddings.library.com.StackingRings" name="stackinRingsFlow" time="5.1">
    <failure type="org.openqa.selenium.ElementClickInterceptedException" message="element click intercepted: Element &amp;lt;button class=&amp;quot;w-full h-16 my-5 border font-sans text-sm xl:text-lg 3xl:text-2xl 4xl:text-3xl 4xl:leading-none transition-colors duration-300 uppercase tracking-widest focus:outline-none border-theme-blue hover:bg-theme-blue bg-white text-theme-blue hover:text-white disabled:bg-white disabled:text-gray-400 disabled:border-gray-400 disabled:cursor-not-allowed&amp;quot; aria-label=&amp;quot;Proceed to checkout&amp;quot; aria-disabled=&amp;quot;false&amp;quot; aria-busy=&amp;quot;false&amp;quot; id=&amp;quot;checkout-button&amp;quot; value=&amp;quot;Continue&amp;quot;&amp;gt;...&amp;lt;/button&amp;gt; is not clickable at point (1335, 481). Other element would receive the click: &amp;lt;iframe title=&amp;quot;Re:amaze Chat&amp;quot; allow=&amp;quot;microphone; camera&amp;quot; allowfullscreen=&amp;quot;&amp;quot; allowtransparency=&amp;quot;true&amp;quot; style=&amp;quot;width: 100% !important; height: 100% !important; border: 0px; position: relative;&amp;quot;&amp;gt;&amp;lt;/iframe&amp;gt;
  (Session info: chrome=134.0.6998.36)
Build info: version: &amp;apos;4.28.1&amp;apos;, revision: &amp;apos;73f5ad48a2&amp;apos;
System info: os.name: &amp;apos;Windows 11&amp;apos;, os.arch: &amp;apos;amd64&amp;apos;, os.version: &amp;apos;10.0&amp;apos;, java.version: &amp;apos;21.0.5&amp;apos;
Driver info: org.openqa.selenium.chrome.ChromeDriver
Command: [dc1fff7da930a0b0c41a3e6aa3f8dd55, clickElement {id=f.44D3709968F2A57CECE96A5628C11788.d.27A5CE7791153F491F1AF3F23C54E069.e.174}]
Capabilities {acceptInsecureCerts: false, browserName: chrome, browserVersion: 134.0.6998.36, chrome: {chromedriverVersion: 134.0.6998.88 (7e3d5c978c6d..., userDataDir: C:\Users\Naveen\AppData\Loc...}, fedcm:accounts: true, goog:chromeOptions: {debuggerAddress: localhost:63504}, networkConnectionEnabled: false, pageLoadStrategy: normal, platformName: windows, proxy: Proxy(), se:cdp: ws://localhost:63504/devtoo..., se:cdpVersion: 134.0.6998.36, setWindowRect: true, strictFileInteractability: false, timeouts: {implicit: 0, pageLoad: 300000, script: 30000}, unhandledPromptBehavior: dismiss and notify, webauthn:extension:credBlob: true, webauthn:extension:largeBlob: true, webauthn:extension:minPinLength: true, webauthn:extension:prf: true, webauthn:virtualAuthenticators: true}
Element: [[ChromeDriver: chrome on windows (dc1fff7da930a0b0c41a3e6aa3f8dd55)] -&amp;gt; xpath: //button[text()=&amp;apos;Checkout&amp;apos;]]
Session ID: dc1fff7da930a0b0c41a3e6aa3f8dd55">
      <![CDATA[org.openqa.selenium.ElementClickInterceptedException: element click intercepted: Element <button class="w-full h-16 my-5 border font-sans text-sm xl:text-lg 3xl:text-2xl 4xl:text-3xl 4xl:leading-none transition-colors duration-300 uppercase tracking-widest focus:outline-none border-theme-blue hover:bg-theme-blue bg-white text-theme-blue hover:text-white disabled:bg-white disabled:text-gray-400 disabled:border-gray-400 disabled:cursor-not-allowed" aria-label="Proceed to checkout" aria-disabled="false" aria-busy="false" id="checkout-button" value="Continue">...</button> is not clickable at point (1335, 481). Other element would receive the click: <iframe title="Re:amaze Chat" allow="microphone; camera" allowfullscreen="" allowtransparency="true" style="width: 100% !important; height: 100% !important; border: 0px; position: relative;"></iframe>
  (Session info: chrome=134.0.6998.36)
Build info: version: '4.28.1', revision: '73f5ad48a2'
System info: os.name: 'Windows 11', os.arch: 'amd64', os.version: '10.0', java.version: '21.0.5'
Driver info: org.openqa.selenium.chrome.ChromeDriver
Command: [dc1fff7da930a0b0c41a3e6aa3f8dd55, clickElement {id=f.44D3709968F2A57CECE96A5628C11788.d.27A5CE7791153F491F1AF3F23C54E069.e.174}]
Capabilities {acceptInsecureCerts: false, browserName: chrome, browserVersion: 134.0.6998.36, chrome: {chromedriverVersion: 134.0.6998.88 (7e3d5c978c6d..., userDataDir: C:\Users\Naveen\AppData\Loc...}, fedcm:accounts: true, goog:chromeOptions: {debuggerAddress: localhost:63504}, networkConnectionEnabled: false, pageLoadStrategy: normal, platformName: windows, proxy: Proxy(), se:cdp: ws://localhost:63504/devtoo..., se:cdpVersion: 134.0.6998.36, setWindowRect: true, strictFileInteractability: false, timeouts: {implicit: 0, pageLoad: 300000, script: 30000}, unhandledPromptBehavior: dismiss and notify, webauthn:extension:credBlob: true, webauthn:extension:largeBlob: true, webauthn:extension:minPinLength: true, webauthn:extension:prf: true, webauthn:virtualAuthenticators: true}
Element: [[ChromeDriver: chrome on windows (dc1fff7da930a0b0c41a3e6aa3f8dd55)] -> xpath: //button[text()='Checkout']]
Session ID: dc1fff7da930a0b0c41a3e6aa3f8dd55
at org.openqa.selenium.remote.ErrorCodec.decode(ErrorCodec.java:167)
at org.openqa.selenium.remote.codec.w3c.W3CHttpResponseCodec.decode(W3CHttpResponseCodec.java:138)
at org.openqa.selenium.remote.codec.w3c.W3CHttpResponseCodec.decode(W3CHttpResponseCodec.java:50)
at org.openqa.selenium.remote.HttpCommandExecutor.execute(HttpCommandExecutor.java:215)
at org.openqa.selenium.remote.service.DriverCommandExecutor.invokeExecute(DriverCommandExecutor.java:216)
at org.openqa.selenium.remote.service.DriverCommandExecutor.execute(DriverCommandExecutor.java:174)
at org.openqa.selenium.remote.RemoteWebDriver.execute(RemoteWebDriver.java:545)
at org.openqa.selenium.remote.RemoteWebElement.execute(RemoteWebElement.java:223)
at org.openqa.selenium.remote.RemoteWebElement.click(RemoteWebElement.java:76)
at pageobjects.com.FDPageObjectData.proceedToCheckout(FDPageObjectData.java:140)
at weddings.library.com.StackingRings.stackinRingsFlow(StackingRings.java:21)
at java.base/java.util.ArrayList.forEach(ArrayList.java:1596)
... Removed 28 stack frames]]>
    </failure>
  </testcase> <!-- stackinRingsFlow -->
</testsuite> <!-- WeddingStackRingsFlowTest -->
